<?xml version="1.0" encoding="UTF-8"?>
<!-- Generated by org.testng.reporters.JUnitReportReporter -->
<testsuite hostname="DESKTOP-LJ15L86" failures="0" tests="2" name="com.mytest.LoginPageTest" time="19.268" errors="0" timestamp="2020-07-08T15:30:36 CDT" skipped="0">
  <testcase classname="com.mytest.LoginPageTest" name="getLoginPageTitle" time="11.757"/>
  <system-out/>
  <testcase classname="com.mytest.LoginPageTest" name="getLoginPageTitle" time="7.511"/>
  <system-out/>
</testsuite> <!-- com.mytest.LoginPageTest -->
