<?xml version="1.0" encoding="UTF-8"?>
<!-- Generated by org.testng.reporters.JUnitReportReporter -->
<testsuite hostname="DESKTOP-LJ15L86" failures="0" tests="2" name="com.mytest.HomePageTest" time="19.187" errors="0" timestamp="2020-07-08T15:30:36 CDT" skipped="0">
  <testcase classname="com.mytest.HomePageTest" name="getHomePageTitle" time="9.575"/>
  <system-out/>
  <testcase classname="com.mytest.HomePageTest" name="getHomePageTitle" time="9.612"/>
  <system-out/>
</testsuite> <!-- com.mytest.HomePageTest -->
