<?xml version="1.0" encoding="UTF-8"?>
<!-- Generated by org.testng.reporters.JUnitReportReporter -->
<testsuite hostname="DESKTOP-LJ15L86" failures="0" tests="10" name="testngSessions.InvocationCountConcept" time="0.019" errors="0" timestamp="2020-07-07T18:59:09 CDT" skipped="0">
  <testcase classname="testngSessions.InvocationCountConcept" name="getNumber" time="0.003"/>
  <system-out/>
  <testcase classname="testngSessions.InvocationCountConcept" name="getNumber" time="0.000"/>
  <system-out/>
  <testcase classname="testngSessions.InvocationCountConcept" name="getNumber" time="0.002"/>
  <system-out/>
  <testcase classname="testngSessions.InvocationCountConcept" name="getNumber" time="0.001"/>
  <system-out/>
  <testcase classname="testngSessions.InvocationCountConcept" name="getNumber" time="0.008"/>
  <system-out/>
  <testcase classname="testngSessions.InvocationCountConcept" name="getNumber" time="0.000"/>
  <system-out/>
  <testcase classname="testngSessions.InvocationCountConcept" name="getNumber" time="0.002"/>
  <system-out/>
  <testcase classname="testngSessions.InvocationCountConcept" name="getNumber" time="0.000"/>
  <system-out/>
  <testcase classname="testngSessions.InvocationCountConcept" name="getNumber" time="0.001"/>
  <system-out/>
  <testcase classname="testngSessions.InvocationCountConcept" name="getNumber" time="0.002"/>
  <system-out/>
</testsuite> <!-- testngSessions.InvocationCountConcept -->
